<?xml version="1.0" encoding="UTF-8"?>
<testsuites name="Mocha Tests" time="30.000" tests="1" failures="1">
  <testsuite name="Root Suite" timestamp="2022-10-21T15:12:54" tests="0" file="cypress/integration/test/Spirite.spec.js" time="0.000" failures="0">
  </testsuite>
  <testsuite name="Fatal test" timestamp="2022-10-21T15:12:55" tests="1" time="29.711" failures="1">
    <testcase name="Fatal test Master" time="0.000" classname="Master">
      <failure message="Timed out retrying after 8000ms: Expected to find element: `#drag-drop-upload`, but never found it." type="AssertionError"><![CDATA[AssertionError: Timed out retrying after 8000ms: Expected to find element: `#drag-drop-upload`, but never found it.
    at Context.eval (https://the-internet.herokuapp.com/__cypress/tests?p=cypress\integration\test\Spirite.spec.js:124:8)]]></failure>
    </testcase>
  </testsuite>
</testsuites>